<?xml version="1.0" encoding="UTF-8"?>
<testsuite xmlns:xsi="http://www.w3.org/2001/XMLSchema-instance" xsi:noNamespaceSchemaLocation="https://maven.apache.org/surefire/maven-surefire-plugin/xsd/surefire-test-report.xsd" name="com.croga.MassDistribution.MassDistributionTest" time="0.081" tests="16" errors="0" skipped="0" failures="0">
  <properties>
[...]
</properties>
  <testcase name="testAverageReturnsCorrectAverage{List, Map, Double}[1]" classname="com.croga.MassDistribution.MassDistributionTest" time="0.029"/>
  <testcase name="testAverageReturnsCorrectAverage{List, Map, Double}[2]" classname="com.croga.MassDistribution.MassDistributionTest" time="0"/>
  <testcase name="testAverageReturnsCorrectAverage{List, Map, Double}[3]" classname="com.croga.MassDistribution.MassDistributionTest" time="0.001"/>
  <testcase name="testAverageReturnsCorrectAverage{List, Map, Double}[4]" classname="com.croga.MassDistribution.MassDistributionTest" time="0.001"/>
  <testcase name="ShowMeUpperAndLowerValueForCertainMass{List, List, Map, Double, Double[]}[1]" classname="com.croga.MassDistribution.MassDistributionTest" time="0.001"/>
  <testcase name="ShowMeUpperAndLowerValueForCertainMass{List, List, Map, Double, Double[]}[2]" classname="com.croga.MassDistribution.MassDistributionTest" time="0"/>
  <testcase name="ShowMeUpperAndLowerValueForCertainMass{List, List, Map, Double, Double[]}[3]" classname="com.croga.MassDistribution.MassDistributionTest" time="0.001"/>
  <testcase name="ShowMeUpperAndLowerValueForCertainMass{List, List, Map, Double, Double[]}[4]" classname="com.croga.MassDistribution.MassDistributionTest" time="0.001"/>
  <testcase name="createMassDistributionCreatesAMassDistributionWithTheCorrectMap{List, Map, Double}[1]" classname="com.croga.MassDistribution.MassDistributionTest" time="0.004"/>
  <testcase name="createMassDistributionCreatesAMassDistributionWithTheCorrectMap{List, Map, Double}[2]" classname="com.croga.MassDistribution.MassDistributionTest" time="0.001"/>
  <testcase name="createMassDistributionCreatesAMassDistributionWithTheCorrectMap{List, Map, Double}[3]" classname="com.croga.MassDistribution.MassDistributionTest" time="0.001"/>
  <testcase name="createMassDistributionCreatesAMassDistributionWithTheCorrectMap{List, Map, Double}[4]" classname="com.croga.MassDistribution.MassDistributionTest" time="0.001"/>
  <testcase name="CanIAddAnotherArrayToAnExistingMassDistribution{List, List, Map, Double, Double[]}[1]" classname="com.croga.MassDistribution.MassDistributionTest" time="0"/>
  <testcase name="CanIAddAnotherArrayToAnExistingMassDistribution{List, List, Map, Double, Double[]}[2]" classname="com.croga.MassDistribution.MassDistributionTest" time="0"/>
  <testcase name="CanIAddAnotherArrayToAnExistingMassDistribution{List, List, Map, Double, Double[]}[3]" classname="com.croga.MassDistribution.MassDistributionTest" time="0"/>
  <testcase name="CanIAddAnotherArrayToAnExistingMassDistribution{List, List, Map, Double, Double[]}[4]" classname="com.croga.MassDistribution.MassDistributionTest" time="0.001"/>
</testsuite>